<?xml version="1.0" encoding="UTF-8"?>
<!-- Generated by org.testng.reporters.JUnitXMLReporter -->
<testsuite hostname="DESKTOP-HP09FJ3" ignored="2" name="EnterApplicantID" tests="3" failures="0" timestamp="2019-12-09T19:48:57 IST" time="102.078" errors="0">
  <testcase name="loginWithValidCredintials" time="6.079" classname="testCases.LoginToScipio"/>
  <testcase name="addApplicant" time="35.414" classname="testCases.CreateApplicant"/>
  <testcase name="addApplicant" time="35.839" classname="testCases.CreateApplicant"/>
  <testcase name="@AfterTest closeBrowser" time="0.0" classname="utility.BaseClass">
    <ignored/>
  </testcase> <!-- @AfterTest closeBrowser -->
  <testcase name="@BeforeTest openBrowser" time="0.0" classname="utility.BaseClass">
    <ignored/>
  </testcase> <!-- @BeforeTest openBrowser -->
</testsuite> <!-- EnterApplicantID -->
