<?xml version="1.0" encoding="UTF-8"?>
<!-- Generated by org.testng.reporters.JUnitXMLReporter -->
<testsuite hostname="DESKTOP-HP09FJ3" ignored="2" name="EnterApplicantID" tests="2" failures="0" timestamp="2019-12-02T07:35:56 IST" time="63.231" errors="0">
  <testcase name="loginWithValidCredintials" time="7.156" classname="testCases.LoginToScipio"/>
  <testcase name="addApplicant" time="36.997" classname="testCases.CreateApplicant"/>
  <testcase name="@AfterTest closeBrowser" time="0.0" classname="utility.BaseClass">
    <ignored/>
  </testcase> <!-- @AfterTest closeBrowser -->
  <testcase name="@BeforeTest openBrowser" time="0.0" classname="utility.BaseClass">
    <ignored/>
  </testcase> <!-- @BeforeTest openBrowser -->
</testsuite> <!-- EnterApplicantID -->
